[0m[[0mdebug[0m] [0mRunning TaskDef(BlogSpec, org.scalatest.tools.Framework$$anon$1@2cea8848, false, [SuiteSelector])[0m
[0m[[0mdebug[0m] [0mRunning TaskDef(Test, org.scalatest.tools.Framework$$anon$1@2cea8848, false, [SuiteSelector])[0m
[0m[[0mdebug[0m] [0mRunning TaskDef(FaultHandlingDocSpec, org.scalatest.tools.Framework$$anon$1@2cea8848, false, [SuiteSelector])[0m
[0m[[0minfo[0m] [0m[36mRun completed in 3 seconds, 621 milliseconds.[0m[0m
[0m[[0minfo[0m] [0m[36mTotal number of tests run: 5[0m[0m
[0m[[0minfo[0m] [0m[36mSuites: completed 3, aborted 0[0m[0m
[0m[[0minfo[0m] [0m[36mTests: succeeded 4, failed 1, canceled 0, ignored 0, pending 0[0m[0m
[0m[[0minfo[0m] [0m[31m*** 1 TEST FAILED ***[0m[0m
[0m[[0mdebug[0m] [0mPassed tests:[0m
[0m[[0mdebug[0m] [0m	Test[0m
[0m[[0mdebug[0m] [0m	FaultHandlingDocSpec[0m
[0m[[31merror[0m] [0mFailed tests:[0m
[0m[[31merror[0m] [0m	BlogSpec[0m
[0m[[31merror[0m] [0m(test:[31mtest[0m) sbt.TestsFailedException: Tests unsuccessful[0m
